2025-08-03 10:02:00 | DEBUG | repo=course-sys-int-systems-exam | action=pull
2025-12-14 10:51:00 | DEBUG | repo=course-sys-int-systems-exam | action=commit
2025-11-08 21:24:00 | INFO | repo=course-sys-int-systems-exam | action=commit
2025-09-20 19:18:00 | INFO | repo=course-sys-int-systems-exam | action=commit
2025-07-17 10:23:00 | DEBUG | repo=course-sys-int-systems-exam | action=test | passed=true
2025-10-17 19:07:00 | DEBUG | repo=course-sys-int-systems-exam | action=commit
2025-04-24 07:38:00 | WARN | repo=course-sys-int-systems-exam | action=commit
2025-06-16 13:59:00 | DEBUG | repo=course-sys-int-systems-exam | action=commit
2025-07-26 20:05:00 | INFO | repo=course-sys-int-systems-exam | action=test | passed=true
2025-09-14 18:42:00 | INFO | repo=course-sys-int-systems-exam | action=edit | files=1
2025-12-08 11:26:00 | INFO | repo=course-sys-int-systems-exam | action=test | passed=true
2025-12-01 18:56:00 | WARN | repo=course-sys-int-systems-exam | action=commit
2025-03-28 08:39:00 | INFO | repo=course-sys-int-systems-exam | action=edit | files=3
2025-12-18 08:35:00 | DEBUG | repo=course-sys-int-systems-exam | action=commit
2025-01-23 08:40:00 | WARN | repo=course-sys-int-systems-exam | action=commit
2025-01-01 08:25:00 | INFO | repo=course-sys-int-systems-exam | action=edit | files=2
2025-10-07 17:53:00 | WARN | repo=course-sys-int-systems-exam | action=test | passed=true
2025-01-16 19:32:00 | WARN | repo=course-sys-int-systems-exam | action=commit
2025-03-17 15:29:00 | WARN | repo=course-sys-int-systems-exam | action=test | passed=true
2025-02-22 18:45:00 | DEBUG | repo=course-sys-int-systems-exam | action=commit
2025-11-11 17:08:00 | WARN | repo=course-sys-int-systems-exam | action=edit | files=4
2025-02-09 20:38:00 | DEBUG | repo=course-sys-int-systems-exam | action=commit
2025-01-13 20:54:00 | DEBUG | repo=course-sys-int-systems-exam | action=commit
2025-03-14 13:11:00 | WARN | repo=course-sys-int-systems-exam | action=commit
2025-04-17 07:30:00 | DEBUG | repo=course-sys-int-systems-exam | action=edit | files=2
2025-07-03 07:52:00 | WARN | repo=course-sys-int-systems-exam | action=commit
2025-03-06 08:17:00 | WARN | repo=course-sys-int-systems-exam | action=test | passed=true
2025-05-05 20:53:00 | INFO | repo=course-sys-int-systems-exam | action=commit
2025-11-03 16:40:00 | WARN | repo=course-sys-int-systems-exam | action=commit
2025-01-24 08:42:00 | WARN | repo=course-sys-int-systems-exam | action=commit
2025-10-02 20:18:00 | WARN | repo=course-sys-int-systems-exam | action=commit
2025-08-21 09:20:00 | DEBUG | repo=course-sys-int-systems-exam | action=edit | files=4
2025-09-06 20:57:00 | DEBUG | repo=course-sys-int-systems-exam | action=commit
2025-02-03 20:26:00 | INFO | repo=course-sys-int-systems-exam | action=edit | files=1
2025-04-20 17:08:00 | WARN | repo=course-sys-int-systems-exam | action=test | passed=true
2025-03-26 07:11:00 | WARN | repo=course-sys-int-systems-exam | action=commit
2025-07-07 19:34:00 | DEBUG | repo=course-sys-int-systems-exam | action=commit
2025-01-12 14:56:00 | INFO | repo=course-sys-int-systems-exam | action=commit
2025-03-22 20:53:00 | DEBUG | repo=course-sys-int-systems-exam | action=pull
2025-05-25 09:18:00 | WARN | repo=course-sys-int-systems-exam | action=edit | files=4
2025-11-06 10:58:00 | DEBUG | repo=course-sys-int-systems-exam | action=commit
2025-05-04 18:07:00 | DEBUG | repo=course-sys-int-systems-exam | action=commit
2025-07-28 21:54:00 | DEBUG | repo=course-sys-int-systems-exam | action=edit | files=1
2025-04-10 07:53:00 | INFO | repo=course-sys-int-systems-exam | action=commit
2025-08-14 14:56:00 | DEBUG | repo=course-sys-int-systems-exam | action=test | passed=true
2025-12-12 21:04:00 | DEBUG | repo=course-sys-int-systems-exam | action=test | passed=true
2025-09-25 19:33:00 | DEBUG | repo=course-sys-int-systems-exam | action=commit
